2022-12-09 16:59:57.592 info 22196 --- [restartedMain] carTravel.CarTravelApp                   : Starting CarTravelApp using Java 11.0.12 on LAPTOP-UG0KO5FU with PID 22196 (C:\Users\igor_\IdeaProjects\CarTravel\target\classes started by Igor in C:\Users\igor_\IdeaProjects\CarTravel)
2022-12-09 16:59:57.594 info 22196 --- [restartedMain] carTravel.CarTravelApp                   : No active profile set, falling back to default profiles: default
2022-12-09 16:59:57.648 info 22196 --- [restartedMain] .e.DevToolsPropertyDefaultsPostProcessor : Devtools property defaults active! Set 'spring.devtools.add-properties' to 'false' to disable
2022-12-09 16:59:57.649 info 22196 --- [restartedMain] .e.DevToolsPropertyDefaultsPostProcessor : For additional web related logging consider setting the 'logging.level.web' property to 'DEBUG'
2022-12-09 16:59:58.465 info 22196 --- [restartedMain] .s.d.r.c.RepositoryConfigurationDelegate : Bootstrapping Spring Data JPA repositories in DEFAULT mode.
2022-12-09 16:59:58.563 info 22196 --- [restartedMain] .s.d.r.c.RepositoryConfigurationDelegate : Finished Spring Data repository scanning in 83 ms. Found 5 JPA repository interfaces.
2022-12-09 16:59:59.380 info 22196 --- [restartedMain] o.s.b.w.embedded.tomcat.TomcatWebServer  : Tomcat initialized with port(s): 9000 (http)
2022-12-09 16:59:59.391 info 22196 --- [restartedMain] o.apache.catalina.core.StandardService   : Starting service [Tomcat]
2022-12-09 16:59:59.392 info 22196 --- [restartedMain] org.apache.catalina.core.StandardEngine  : Starting Servlet engine: [Apache Tomcat/9.0.56]
2022-12-09 16:59:59.530 info 22196 --- [restartedMain] o.a.c.c.C.[Tomcat].[localhost].[/]       : Initializing Spring embedded WebApplicationContext
2022-12-09 16:59:59.531 info 22196 --- [restartedMain] w.s.c.ServletWebServerApplicationContext : Root WebApplicationContext: initialization completed in 1880 ms
2022-12-09 16:59:59.722 info 22196 --- [restartedMain] com.zaxxer.hikari.HikariDataSource       : HikariPool-1 - Starting...
2022-12-09 16:59:59.917 info 22196 --- [restartedMain] com.zaxxer.hikari.HikariDataSource       : HikariPool-1 - Start completed.
2022-12-09 16:59:59.940 info 22196 --- [restartedMain] o.f.c.internal.license.VersionPrinter    : Flyway Community Edition 8.0.5 by Redgate
2022-12-09 16:59:59.941 info 22196 --- [restartedMain] o.f.c.i.database.base.BaseDatabaseType   : Database: jdbc:postgresql://localhost:5432/postgres (PostgreSQL 14.1)
2022-12-09 17:00:00.025 info 22196 --- [restartedMain] ConfigServletWebServerApplicationContext : Exception encountered during context initialization - cancelling refresh attempt: org.springframework.beans.factory.BeanCreationException: Error creating bean with name 'flywayInitializer' defined in class path resource [org/springframework/boot/autoconfigure/flyway/FlywayAutoConfiguration$FlywayConfiguration.class]: Invocation of init method failed; nested exception is org.flywaydb.core.api.exception.FlywayValidateException: Validate failed: Migrations have failed validation
Migration checksum mismatch for migration version 1
-> Applied to database : -529729315
-> Resolved locally    : 1636887146. Either revert the changes to the migration, or run repair to update the schema history.
Need more flexibility with validation rules? Learn more: https://rd.gt/3AbJUZE
2022-12-09 17:00:00.026 info 22196 --- [restartedMain] com.zaxxer.hikari.HikariDataSource       : HikariPool-1 - Shutdown initiated...
2022-12-09 17:00:00.031 info 22196 --- [restartedMain] com.zaxxer.hikari.HikariDataSource       : HikariPool-1 - Shutdown completed.
2022-12-09 17:00:00.036 info 22196 --- [restartedMain] o.apache.catalina.core.StandardService   : Stopping service [Tomcat]
2022-12-09 17:00:00.051 info 22196 --- [restartedMain] ConditionEvaluationReportLoggingListener : 

Error starting ApplicationContext. To display the conditions report re-run your application with 'debug' enabled.
2022-12-09 17:00:00.082 info 22196 --- [restartedMain] o.s.boot.SpringApplication               : Application run failed

org.springframework.beans.factory.BeanCreationException: Error creating bean with name 'flywayInitializer' defined in class path resource [org/springframework/boot/autoconfigure/flyway/FlywayAutoConfiguration$FlywayConfiguration.class]: Invocation of init method failed; nested exception is org.flywaydb.core.api.exception.FlywayValidateException: Validate failed: Migrations have failed validation
Migration checksum mismatch for migration version 1
-> Applied to database : -529729315
-> Resolved locally    : 1636887146. Either revert the changes to the migration, or run repair to update the schema history.
Need more flexibility with validation rules? Learn more: https://rd.gt/3AbJUZE
	at org.springframework.beans.factory.support.AbstractAutowireCapableBeanFactory.initializeBean(AbstractAutowireCapableBeanFactory.java:1804) ~[spring-beans-5.3.15.jar:5.3.15]
	at org.springframework.beans.factory.support.AbstractAutowireCapableBeanFactory.doCreateBean(AbstractAutowireCapableBeanFactory.java:620) ~[spring-beans-5.3.15.jar:5.3.15]
	at org.springframework.beans.factory.support.AbstractAutowireCapableBeanFactory.createBean(AbstractAutowireCapableBeanFactory.java:542) ~[spring-beans-5.3.15.jar:5.3.15]
	at org.springframework.beans.factory.support.AbstractBeanFactory.lambda$doGetBean$0(AbstractBeanFactory.java:335) ~[spring-beans-5.3.15.jar:5.3.15]
	at org.springframework.beans.factory.support.DefaultSingletonBeanRegistry.getSingleton(DefaultSingletonBeanRegistry.java:234) ~[spring-beans-5.3.15.jar:5.3.15]
	at org.springframework.beans.factory.support.AbstractBeanFactory.doGetBean(AbstractBeanFactory.java:333) ~[spring-beans-5.3.15.jar:5.3.15]
	at org.springframework.beans.factory.support.AbstractBeanFactory.getBean(AbstractBeanFactory.java:208) ~[spring-beans-5.3.15.jar:5.3.15]
	at org.springframework.beans.factory.support.AbstractBeanFactory.doGetBean(AbstractBeanFactory.java:322) ~[spring-beans-5.3.15.jar:5.3.15]
	at org.springframework.beans.factory.support.AbstractBeanFactory.getBean(AbstractBeanFactory.java:208) ~[spring-beans-5.3.15.jar:5.3.15]
	at org.springframework.context.support.AbstractApplicationContext.getBean(AbstractApplicationContext.java:1154) ~[spring-context-5.3.15.jar:5.3.15]
	at org.springframework.context.support.AbstractApplicationContext.finishBeanFactoryInitialization(AbstractApplicationContext.java:908) ~[spring-context-5.3.15.jar:5.3.15]
	at org.springframework.context.support.AbstractApplicationContext.refresh(AbstractApplicationContext.java:583) ~[spring-context-5.3.15.jar:5.3.15]
	at org.springframework.boot.web.servlet.context.ServletWebServerApplicationContext.refresh(ServletWebServerApplicationContext.java:145) ~[spring-boot-2.6.3.jar:2.6.3]
	at org.springframework.boot.SpringApplication.refresh(SpringApplication.java:732) ~[spring-boot-2.6.3.jar:2.6.3]
	at org.springframework.boot.SpringApplication.refreshContext(SpringApplication.java:414) ~[spring-boot-2.6.3.jar:2.6.3]
	at org.springframework.boot.SpringApplication.run(SpringApplication.java:302) ~[spring-boot-2.6.3.jar:2.6.3]
	at org.springframework.boot.SpringApplication.run(SpringApplication.java:1303) ~[spring-boot-2.6.3.jar:2.6.3]
	at org.springframework.boot.SpringApplication.run(SpringApplication.java:1292) ~[spring-boot-2.6.3.jar:2.6.3]
	at carTravel.CarTravelApp.main(CarTravelApp.java:16) ~[classes/:na]
	at java.base/jdk.internal.reflect.NativeMethodAccessorImpl.invoke0(Native Method) ~[na:na]
	at java.base/jdk.internal.reflect.NativeMethodAccessorImpl.invoke(NativeMethodAccessorImpl.java:62) ~[na:na]
	at java.base/jdk.internal.reflect.DelegatingMethodAccessorImpl.invoke(DelegatingMethodAccessorImpl.java:43) ~[na:na]
	at java.base/java.lang.reflect.Method.invoke(Method.java:566) ~[na:na]
	at org.springframework.boot.devtools.restart.RestartLauncher.run(RestartLauncher.java:49) ~[spring-boot-devtools-2.6.3.jar:2.6.3]
Caused by: org.flywaydb.core.api.exception.FlywayValidateException: Validate failed: Migrations have failed validation
Migration checksum mismatch for migration version 1
-> Applied to database : -529729315
-> Resolved locally    : 1636887146. Either revert the changes to the migration, or run repair to update the schema history.
Need more flexibility with validation rules? Learn more: https://rd.gt/3AbJUZE
	at org.flywaydb.core.Flyway$1.execute(Flyway.java:131) ~[flyway-core-8.0.5.jar:na]
	at org.flywaydb.core.Flyway$1.execute(Flyway.java:124) ~[flyway-core-8.0.5.jar:na]
	at org.flywaydb.core.FlywayExecutor.execute(FlywayExecutor.java:214) ~[flyway-core-8.0.5.jar:na]
	at org.flywaydb.core.Flyway.migrate(Flyway.java:124) ~[flyway-core-8.0.5.jar:na]
	at org.springframework.boot.autoconfigure.flyway.FlywayMigrationInitializer.afterPropertiesSet(FlywayMigrationInitializer.java:66) ~[spring-boot-autoconfigure-2.6.3.jar:2.6.3]
	at org.springframework.beans.factory.support.AbstractAutowireCapableBeanFactory.invokeInitMethods(AbstractAutowireCapableBeanFactory.java:1863) ~[spring-beans-5.3.15.jar:5.3.15]
	at org.springframework.beans.factory.support.AbstractAutowireCapableBeanFactory.initializeBean(AbstractAutowireCapableBeanFactory.java:1800) ~[spring-beans-5.3.15.jar:5.3.15]
	... 23 common frames omitted

2022-12-09 17:01:36.029 info 9884 --- [restartedMain] carTravel.CarTravelApp                   : Starting CarTravelApp using Java 11.0.12 on LAPTOP-UG0KO5FU with PID 9884 (C:\Users\igor_\IdeaProjects\CarTravel\target\classes started by Igor in C:\Users\igor_\IdeaProjects\CarTravel)
2022-12-09 17:01:36.030 info 9884 --- [restartedMain] carTravel.CarTravelApp                   : No active profile set, falling back to default profiles: default
2022-12-09 17:01:36.071 info 9884 --- [restartedMain] .e.DevToolsPropertyDefaultsPostProcessor : Devtools property defaults active! Set 'spring.devtools.add-properties' to 'false' to disable
2022-12-09 17:01:36.072 info 9884 --- [restartedMain] .e.DevToolsPropertyDefaultsPostProcessor : For additional web related logging consider setting the 'logging.level.web' property to 'DEBUG'
2022-12-09 17:01:36.765 info 9884 --- [restartedMain] .s.d.r.c.RepositoryConfigurationDelegate : Bootstrapping Spring Data JPA repositories in DEFAULT mode.
2022-12-09 17:01:36.835 info 9884 --- [restartedMain] .s.d.r.c.RepositoryConfigurationDelegate : Finished Spring Data repository scanning in 63 ms. Found 5 JPA repository interfaces.
2022-12-09 17:01:37.410 info 9884 --- [restartedMain] o.s.b.w.embedded.tomcat.TomcatWebServer  : Tomcat initialized with port(s): 9000 (http)
2022-12-09 17:01:37.419 info 9884 --- [restartedMain] o.apache.catalina.core.StandardService   : Starting service [Tomcat]
2022-12-09 17:01:37.419 info 9884 --- [restartedMain] org.apache.catalina.core.StandardEngine  : Starting Servlet engine: [Apache Tomcat/9.0.56]
2022-12-09 17:01:37.531 info 9884 --- [restartedMain] o.a.c.c.C.[Tomcat].[localhost].[/]       : Initializing Spring embedded WebApplicationContext
2022-12-09 17:01:37.531 info 9884 --- [restartedMain] w.s.c.ServletWebServerApplicationContext : Root WebApplicationContext: initialization completed in 1459 ms
2022-12-09 17:01:37.667 info 9884 --- [restartedMain] com.zaxxer.hikari.HikariDataSource       : HikariPool-1 - Starting...
2022-12-09 17:01:37.811 info 9884 --- [restartedMain] com.zaxxer.hikari.HikariDataSource       : HikariPool-1 - Start completed.
2022-12-09 17:01:37.826 info 9884 --- [restartedMain] o.f.c.internal.license.VersionPrinter    : Flyway Community Edition 8.0.5 by Redgate
2022-12-09 17:01:37.826 info 9884 --- [restartedMain] o.f.c.i.database.base.BaseDatabaseType   : Database: jdbc:postgresql://localhost:5432/postgres (PostgreSQL 14.1)
2022-12-09 17:01:37.872 info 9884 --- [restartedMain] o.f.core.internal.command.DbValidate     : Successfully validated 4 migrations (execution time 00:00.028s)
2022-12-09 17:01:37.884 info 9884 --- [restartedMain] o.f.core.internal.command.DbMigrate      : Current version of schema "public": 4
2022-12-09 17:01:37.886 info 9884 --- [restartedMain] o.f.core.internal.command.DbMigrate      : Schema "public" is up to date. No migration necessary.
2022-12-09 17:01:37.977 info 9884 --- [restartedMain] o.hibernate.jpa.internal.util.LogHelper  : HHH000204: Processing PersistenceUnitInfo [name: default]
2022-12-09 17:01:38.046 info 9884 --- [restartedMain] org.hibernate.Version                    : HHH000412: Hibernate ORM core version 5.6.4.Final
2022-12-09 17:01:38.247 info 9884 --- [restartedMain] o.hibernate.annotations.common.Version   : HCANN000001: Hibernate Commons Annotations {5.1.2.Final}
2022-12-09 17:01:38.380 info 9884 --- [restartedMain] org.hibernate.dialect.Dialect            : HHH000400: Using dialect: org.hibernate.dialect.PostgreSQL10Dialect
2022-12-09 17:01:39.004 info 9884 --- [restartedMain] o.h.e.t.j.p.i.JtaPlatformInitiator       : HHH000490: Using JtaPlatform implementation: [org.hibernate.engine.transaction.jta.platform.internal.NoJtaPlatform]
2022-12-09 17:01:39.012 info 9884 --- [restartedMain] j.LocalContainerEntityManagerFactoryBean : Initialized JPA EntityManagerFactory for persistence unit 'default'
2022-12-09 17:01:39.614 info 9884 --- [restartedMain] JpaBaseConfiguration$JpaWebConfiguration : spring.jpa.open-in-view is enabled by default. Therefore, database queries may be performed during view rendering. Explicitly configure spring.jpa.open-in-view to disable this warning
2022-12-09 17:01:40.071 info 9884 --- [restartedMain] .s.s.UserDetailsServiceAutoConfiguration : 

Using generated security password: 16cd87ef-d54c-4e38-b5d2-5e07a20a4b8d

2022-12-09 17:01:40.207 info 9884 --- [restartedMain] o.s.s.web.DefaultSecurityFilterChain     : Will secure any request with [org.springframework.security.web.context.request.async.WebAsyncManagerIntegrationFilter@4b8af55c, org.springframework.security.web.context.SecurityContextPersistenceFilter@64d80204, org.springframework.security.web.header.HeaderWriterFilter@3e8bdf2a, org.springframework.security.web.csrf.CsrfFilter@125f9df, org.springframework.security.web.authentication.logout.LogoutFilter@1d79f3e, org.springframework.security.web.authentication.UsernamePasswordAuthenticationFilter@30e3cfb4, org.springframework.security.web.authentication.ui.DefaultLoginPageGeneratingFilter@547ad788, org.springframework.security.web.authentication.ui.DefaultLogoutPageGeneratingFilter@2ccaa2e, org.springframework.security.web.authentication.www.BasicAuthenticationFilter@23f4fc4d, org.springframework.security.web.savedrequest.RequestCacheAwareFilter@65687b14, org.springframework.security.web.servletapi.SecurityContextHolderAwareRequestFilter@36886b2e, org.springframework.security.web.authentication.AnonymousAuthenticationFilter@65e38ae, org.springframework.security.web.session.SessionManagementFilter@5884d2e3, org.springframework.security.web.access.ExceptionTranslationFilter@144b1f34, org.springframework.security.web.access.intercept.FilterSecurityInterceptor@5196f843]
2022-12-09 17:01:40.263 info 9884 --- [restartedMain] o.s.b.d.a.OptionalLiveReloadServer       : LiveReload server is running on port 35729
2022-12-09 17:01:40.299 info 9884 --- [restartedMain] o.s.b.w.embedded.tomcat.TomcatWebServer  : Tomcat started on port(s): 9000 (http) with context path ''
2022-12-09 17:01:40.312 info 9884 --- [restartedMain] carTravel.CarTravelApp                   : Started CarTravelApp in 4.742 seconds (JVM running for 5.819)
2022-12-09 17:06:26.502 info 9884 --- [http-nio-9000-exec-1] o.a.c.c.C.[Tomcat].[localhost].[/]       : Initializing Spring DispatcherServlet 'dispatcherServlet'
2022-12-09 17:06:26.503 info 9884 --- [http-nio-9000-exec-1] o.s.web.servlet.DispatcherServlet        : Initializing Servlet 'dispatcherServlet'
2022-12-09 17:06:26.505 info 9884 --- [http-nio-9000-exec-1] o.s.web.servlet.DispatcherServlet        : Completed initialization in 2 ms
2022-12-09 17:06:26.738 info 9884 --- [http-nio-9000-exec-1] o.a.c.util.SessionIdGeneratorBase        : Creation of SecureRandom instance for session ID generation using [SHA1PRNG] took [213] milliseconds.
